<?xml version="1.0" encoding="UTF-8"?>
<testsuite name="org.hellosign.openapi.api.TeamApiTest" tests="6" skipped="0" failures="0" errors="0" timestamp="2022-07-05T19:28:57" hostname="laptop.lan" time="0.678">
  <properties/>
  <testcase name="teamCreateTest" classname="org.hellosign.openapi.api.TeamApiTest" time="0.659"/>
  <testcase name="teamGetTest" classname="org.hellosign.openapi.api.TeamApiTest" time="0.002"/>
  <testcase name="teamDeleteTest" classname="org.hellosign.openapi.api.TeamApiTest" time="0.0"/>
  <testcase name="teamAddMemberTest" classname="org.hellosign.openapi.api.TeamApiTest" time="0.004"/>
  <testcase name="teamRemoveMemberTest" classname="org.hellosign.openapi.api.TeamApiTest" time="0.008"/>
  <testcase name="teamUpdateTest" classname="org.hellosign.openapi.api.TeamApiTest" time="0.004"/>
  <system-out><![CDATA[]]></system-out>
  <system-err><![CDATA[]]></system-err>
</testsuite>
